2025-10-27
@ 222 bw
531 squat C23 W3
TM: 465
#safety-squat #sq
135 x 10
235 x 5
285 x 3
350 x 5
405, 445 x 3
350 x 5 AMRAP
// https://fivethreeone.app/calculator?program=NU-LTsNADPyVas5W5M3GLfhWEFCp5SWOqIcUUiiCHpqteoj23-HuJhd7xp7xyANaKBN20He3uCLvmZq5kAhvCR-QAZ-QhtCZYMDFSB2pADcBPwGOZtpD9.1vQQyWaZZkWN2Yx0W35gvA6vhP-AQ__
2025-10-28
@ 221 bw
531 bench C23 W3
TM: 330
#bench-press #bp
135 x 10
165 x 5
205 x 3
250 x 5
285, 315 x 3
250 x 10
// https://fivethreeone.app/calculator?program=NU-LTsNADPyVas5W5M3GLfhWEFCp5SWOqIcUUiiCHpqteoj23-HuJhd7xp7xyANaKBN20He3uCLvmZq5kAhvCR-QAZ-QhtCZYMDFSB2pADcBPwGOZtpD9.1v3xG.RhQJ63Rpk6MeoddCeLID3vpzHj7k.gINp3PSfyf9IRWX48XUBMcWb02yui5DX1iTmHUp1DEXUTVaq7osuFpMQPJpLhsL-TEu1v9S7hGK.8OpD7O3Lsw2bR9AWKXNXbYH.5vQQyWaZZkWN2Yx0W35gvA6vhP-AQ__
2025-10-29
@ 221 bw
531 deadlift C23 W3
TM: 550
#deadlift #dl
135 x 10
225 x 5
315 x 3
415 x 5 Straps
475 x 3
525 x 4
415 x 5 AMRAP
// https://fivethreeone.app/calculator?program=NU-LTsNADPyVas5W5M3GLfhWEFCp5SWOqIcUUiiCHpqteoj23-HuJhd7xp7xyANaKBN20He3uCLvmZq5kAhvCR-QAZ-QhtCZYMDFSB2pADcBPwGOZtpD9.1v3xG.RhQJ63Rpk6MeoddCeLID3vpzHj7k.gINp3PSfyf9IRWX48XUBMcWb02yui5DX1iTmHUp1DEXUTVaq7osuFpMQPJpLhsL-TEu1v9S7hGK.8OpD7O3Lsw2bR9AWKXNXbYH.5vQQyWaZZkWN2Yx0W35gvA6vhP-AQ__
2025-10-30
@ 221 bw
531 ohp C23 W3
TM: 178
#cambered-ohp #ohp
70 x 10
90 x 5
110 x 3
135 x 5
152 x 3
170 x 5
135 x 8 AMRAP
// https://fivethreeone.app/calculator?program=NU-LTsNADPyVas5W5M3GLfhWEFCp5SWOqIcUUiiCHpqteoj23-HuJhd7xp7xyANaKBN20He3uCLvmZq5kAhvCR-QAZ-QhtCZYMDFSB2pADcBPwGOZtpD9.1v3xG.RhQJ63Rpk6MeoddCeLID3vpzHj7k.gINp3PSfyf9IRWX48XUBMcWb02yui5DX1iTmHUp1DEXUTVaq7osuFpMQPJpLhsL-TEu1v9S7hGK.8OpD7O3Lsw2bR9AWKXNXbYH.5vQQyWaZZkWN2Yx0W35gvA6vhP-AQ__
2025-10-31
@ 222 bw
531 squat C23 W3
TM: 465
#safety-box-squat #sq
135 x 10
235 x 5
285 x 3
350 x 5
405 x 3
445 x 1, 3
350 x 5 AMRAP
// https://fivethreeone.app/calculator?program=NU-LTsNADPyVas5W5M3GLfhWEFCp5SWOqIcUUiiCHpqteoj23-HuJhd7xp7xyANaKBN20He3uCLvmZq5kAhvCR-QAZ-QhtCZYMDFSB2pADcBPwGOZtpD9.1v3xG.RhQJ63Rpk6MeoddCeLID3vpzHj7k.gINp3PSfyf9IRWX48XUBMcWb02yui5DX1iTmHUp1DEXUTVaq7osuFpMQPJpLhsL-TEu1v9S7hGK.8OpD7O3Lsw2bR9AWKXNXbYH.5vQQyWaZZkWN2Yx0W35gvA6vhP-AQ__
